<?xml version="1.0" encoding="UTF-8"?>
<testsuite name="com.example.demo.HansoYeonApplicationTests" tests="1" skipped="0" failures="0" errors="0" timestamp="2023-11-15T01:28:15" hostname="SeungJunui-MacBookPro.local" time="0.072">
  <properties/>
  <testcase name="contextLoads()" classname="com.example.demo.HansoYeonApplicationTests" time="0.072"/>
  <system-out><![CDATA[10:28:12.772 [Test worker] DEBUG org.springframework.test.context.BootstrapUtils - Instantiating CacheAwareContextLoaderDelegate from class [org.springframework.test.context.cache.DefaultCacheAwareContextLoaderDelegate]
10:28:12.778 [Test worker] DEBUG org.springframework.test.context.BootstrapUtils - Instantiating BootstrapContext using constructor [public org.springframework.test.context.support.DefaultBootstrapContext(java.lang.Class,org.springframework.test.context.CacheAwareContextLoaderDelegate)]
10:28:12.796 [Test worker] DEBUG org.springframework.test.context.BootstrapUtils - Instantiating TestContextBootstrapper for test class [com.example.demo.HansoYeonApplicationTests] from class [org.springframework.boot.test.context.SpringBootTestContextBootstrapper]
10:28:12.803 [Test worker] INFO org.springframework.boot.test.context.SpringBootTestContextBootstrapper - Neither @ContextConfiguration nor @ContextHierarchy found for test class [com.example.demo.HansoYeonApplicationTests], using SpringBootContextLoader
10:28:12.805 [Test worker] DEBUG org.springframework.test.context.support.AbstractContextLoader - Did not detect default resource location for test class [com.example.demo.HansoYeonApplicationTests]: class path resource [com/example/demo/HansoYeonApplicationTests-context.xml] does not exist
10:28:12.806 [Test worker] DEBUG org.springframework.test.context.support.AbstractContextLoader - Did not detect default resource location for test class [com.example.demo.HansoYeonApplicationTests]: class path resource [com/example/demo/HansoYeonApplicationTestsContext.groovy] does not exist
10:28:12.806 [Test worker] INFO org.springframework.test.context.support.AbstractContextLoader - Could not detect default resource locations for test class [com.example.demo.HansoYeonApplicationTests]: no resource found for suffixes {-context.xml, Context.groovy}.
10:28:12.806 [Test worker] INFO org.springframework.test.context.support.AnnotationConfigContextLoaderUtils - Could not detect default configuration classes for test class [com.example.demo.HansoYeonApplicationTests]: HansoYeonApplicationTests does not declare any static, non-private, non-final, nested classes annotated with @Configuration.
10:28:12.829 [Test worker] DEBUG org.springframework.test.context.support.ActiveProfilesUtils - Could not find an 'annotation declaring class' for annotation type [org.springframework.test.context.ActiveProfiles] and class [com.example.demo.HansoYeonApplicationTests]
10:28:12.874 [Test worker] DEBUG org.springframework.context.annotation.ClassPathScanningCandidateComponentProvider - Identified candidate component class: file [/Users/seungjunyoon/Desktop/HanSoYeon/build/classes/java/main/com/example/demo/HansoYeonApplication.class]
10:28:12.875 [Test worker] INFO org.springframework.boot.test.context.SpringBootTestContextBootstrapper - Found @SpringBootConfiguration com.example.demo.HansoYeonApplication for test class com.example.demo.HansoYeonApplicationTests
10:28:12.935 [Test worker] DEBUG org.springframework.boot.test.context.SpringBootTestContextBootstrapper - @TestExecutionListeners is not present for class [com.example.demo.HansoYeonApplicationTests]: using defaults.
10:28:12.935 [Test worker] INFO org.springframework.boot.test.context.SpringBootTestContextBootstrapper - Loaded default TestExecutionListener class names from location [META-INF/spring.factories]: [org.springframework.boot.test.autoconfigure.restdocs.RestDocsTestExecutionListener, org.springframework.boot.test.autoconfigure.web.client.MockRestServiceServerResetTestExecutionListener, org.springframework.boot.test.autoconfigure.web.servlet.MockMvcPrintOnlyOnFailureTestExecutionListener, org.springframework.boot.test.autoconfigure.web.servlet.WebDriverTestExecutionListener, org.springframework.boot.test.autoconfigure.webservices.client.MockWebServiceServerTestExecutionListener, org.springframework.boot.test.mock.mockito.MockitoTestExecutionListener, org.springframework.boot.test.mock.mockito.ResetMocksTestExecutionListener, org.springframework.test.context.web.ServletTestExecutionListener, org.springframework.test.context.support.DirtiesContextBeforeModesTestExecutionListener, org.springframework.test.context.event.ApplicationEventsTestExecutionListener, org.springframework.test.context.support.DependencyInjectionTestExecutionListener, org.springframework.test.context.support.DirtiesContextTestExecutionListener, org.springframework.test.context.transaction.TransactionalTestExecutionListener, org.springframework.test.context.jdbc.SqlScriptsTestExecutionListener, org.springframework.test.context.event.EventPublishingTestExecutionListener]
10:28:12.946 [Test worker] INFO org.springframework.boot.test.context.SpringBootTestContextBootstrapper - Using TestExecutionListeners: [org.springframework.test.context.web.ServletTestExecutionListener@58a55449, org.springframework.test.context.support.DirtiesContextBeforeModesTestExecutionListener@5949eba8, org.springframework.test.context.event.ApplicationEventsTestExecutionListener@6e0ff644, org.springframework.boot.test.mock.mockito.MockitoTestExecutionListener@58dea0a5, org.springframework.boot.test.autoconfigure.SpringBootDependencyInjectionTestExecutionListener@2a2bb0eb, org.springframework.test.context.support.DirtiesContextTestExecutionListener@3c291aad, org.springframework.test.context.transaction.TransactionalTestExecutionListener@2d0566ba, org.springframework.test.context.jdbc.SqlScriptsTestExecutionListener@733037, org.springframework.test.context.event.EventPublishingTestExecutionListener@7728643a, org.springframework.boot.test.autoconfigure.restdocs.RestDocsTestExecutionListener@320e400, org.springframework.boot.test.autoconfigure.web.client.MockRestServiceServerResetTestExecutionListener@5167268, org.springframework.boot.test.autoconfigure.web.servlet.MockMvcPrintOnlyOnFailureTestExecutionListener@1cfd1875, org.springframework.boot.test.autoconfigure.web.servlet.WebDriverTestExecutionListener@28c0b664, org.springframework.boot.test.autoconfigure.webservices.client.MockWebServiceServerTestExecutionListener@2c444798, org.springframework.boot.test.mock.mockito.ResetMocksTestExecutionListener@1af7f54a]
10:28:12.948 [Test worker] DEBUG org.springframework.test.context.support.AbstractDirtiesContextTestExecutionListener - Before test class: context [DefaultTestContext@4d0402b testClass = HansoYeonApplicationTests, testInstance = [null], testMethod = [null], testException = [null], mergedContextConfiguration = [WebMergedContextConfiguration@2fa7ae9 testClass = HansoYeonApplicationTests, locations = '{}', classes = '{class com.example.demo.HansoYeonApplication}', contextInitializerClasses = '[]', activeProfiles = '{}', propertySourceLocations = '{}', propertySourceProperties = '{org.springframework.boot.test.context.SpringBootTestContextBootstrapper=true}', contextCustomizers = set[org.springframework.boot.test.autoconfigure.actuate.metrics.MetricsExportContextCustomizerFactory$DisableMetricExportContextCustomizer@52045dbe, org.springframework.boot.test.autoconfigure.properties.PropertyMappingContextCustomizer@0, org.springframework.boot.test.autoconfigure.web.servlet.WebDriverContextCustomizerFactory$Customizer@45efc20d, org.springframework.boot.test.context.filter.ExcludeFilterContextCustomizer@2a3c96e3, org.springframework.boot.test.json.DuplicateJsonObjectContextCustomizerFactory$DuplicateJsonObjectContextCustomizer@a776e, org.springframework.boot.test.mock.mockito.MockitoContextCustomizer@0, org.springframework.boot.test.web.client.TestRestTemplateContextCustomizer@60d1a32f, org.springframework.boot.test.context.SpringBootTestArgs@1, org.springframework.boot.test.context.SpringBootTestWebEnvironment@dc9876b], resourceBasePath = 'src/main/webapp', contextLoader = 'org.springframework.boot.test.context.SpringBootContextLoader', parent = [null]], attributes = map['org.springframework.test.context.web.ServletTestExecutionListener.activateListener' -> true]], class annotated with @DirtiesContext [false] with mode [null].

  .   ____          _            __ _ _
 /\\ / ___'_ __ _ _(_)_ __  __ _ \ \ \ \
( ( )\___ | '_ | '_| | '_ \/ _` | \ \ \ \
 \\/  ___)| |_)| | | | | || (_| |  ) ) ) )
  '  |____| .__|_| |_|_| |_\__, | / / / /
 =========|_|==============|___/=/_/_/_/
 :: Spring Boot ::               (v2.7.17)

2023-11-15 10:28:13.158  INFO 86756 --- [    Test worker] c.e.demo.HansoYeonApplicationTests       : Starting HansoYeonApplicationTests using Java 11.0.20 on SeungJunui-MacBookPro.local with PID 86756 (started by seungjunyoon in /Users/seungjunyoon/Desktop/HanSoYeon)
2023-11-15 10:28:13.159  INFO 86756 --- [    Test worker] c.e.demo.HansoYeonApplicationTests       : No active profile set, falling back to 1 default profile: "default"
2023-11-15 10:28:13.563  INFO 86756 --- [    Test worker] .s.d.r.c.RepositoryConfigurationDelegate : Bootstrapping Spring Data JPA repositories in DEFAULT mode.
2023-11-15 10:28:13.591  INFO 86756 --- [    Test worker] .s.d.r.c.RepositoryConfigurationDelegate : Finished Spring Data repository scanning in 23 ms. Found 1 JPA repository interfaces.
2023-11-15 10:28:13.889  INFO 86756 --- [    Test worker] com.zaxxer.hikari.HikariDataSource       : HikariPool-1 - Starting...
2023-11-15 10:28:14.118  INFO 86756 --- [    Test worker] com.zaxxer.hikari.HikariDataSource       : HikariPool-1 - Start completed.
2023-11-15 10:28:14.163  INFO 86756 --- [    Test worker] o.hibernate.jpa.internal.util.LogHelper  : HHH000204: Processing PersistenceUnitInfo [name: default]
2023-11-15 10:28:14.199  INFO 86756 --- [    Test worker] org.hibernate.Version                    : HHH000412: Hibernate ORM core version 5.6.15.Final
2023-11-15 10:28:14.303  INFO 86756 --- [    Test worker] o.hibernate.annotations.common.Version   : HCANN000001: Hibernate Commons Annotations {5.1.2.Final}
2023-11-15 10:28:14.393  INFO 86756 --- [    Test worker] org.hibernate.dialect.Dialect            : HHH000400: Using dialect: org.hibernate.dialect.MySQL8Dialect
2023-11-15 10:28:14.708  INFO 86756 --- [    Test worker] o.h.e.t.j.p.i.JtaPlatformInitiator       : HHH000490: Using JtaPlatform implementation: [org.hibernate.engine.transaction.jta.platform.internal.NoJtaPlatform]
2023-11-15 10:28:14.714  INFO 86756 --- [    Test worker] j.LocalContainerEntityManagerFactoryBean : Initialized JPA EntityManagerFactory for persistence unit 'default'
2023-11-15 10:28:15.024  WARN 86756 --- [    Test worker] JpaBaseConfiguration$JpaWebConfiguration : spring.jpa.open-in-view is enabled by default. Therefore, database queries may be performed during view rendering. Explicitly configure spring.jpa.open-in-view to disable this warning
2023-11-15 10:28:15.329  INFO 86756 --- [    Test worker] c.e.demo.HansoYeonApplicationTests       : Started HansoYeonApplicationTests in 2.357 seconds (JVM running for 3.115)
]]></system-out>
  <system-err><![CDATA[]]></system-err>
</testsuite>
