<?xml version="1.0" encoding="UTF-8"?>
<testsuite name="com.example.demo.HansoYeonApplicationTests" tests="1" skipped="0" failures="0" errors="0" timestamp="2023-11-20T01:11:49" hostname="SeungJunui-MacBookPro.local" time="0.049">
  <properties/>
  <testcase name="contextLoads()" classname="com.example.demo.HansoYeonApplicationTests" time="0.049"/>
  <system-out><![CDATA[10:11:47.353 [Test worker] DEBUG org.springframework.test.context.BootstrapUtils - Instantiating CacheAwareContextLoaderDelegate from class [org.springframework.test.context.cache.DefaultCacheAwareContextLoaderDelegate]
10:11:47.358 [Test worker] DEBUG org.springframework.test.context.BootstrapUtils - Instantiating BootstrapContext using constructor [public org.springframework.test.context.support.DefaultBootstrapContext(java.lang.Class,org.springframework.test.context.CacheAwareContextLoaderDelegate)]
10:11:47.373 [Test worker] DEBUG org.springframework.test.context.BootstrapUtils - Instantiating TestContextBootstrapper for test class [com.example.demo.HansoYeonApplicationTests] from class [org.springframework.boot.test.context.SpringBootTestContextBootstrapper]
10:11:47.378 [Test worker] INFO org.springframework.boot.test.context.SpringBootTestContextBootstrapper - Neither @ContextConfiguration nor @ContextHierarchy found for test class [com.example.demo.HansoYeonApplicationTests], using SpringBootContextLoader
10:11:47.380 [Test worker] DEBUG org.springframework.test.context.support.AbstractContextLoader - Did not detect default resource location for test class [com.example.demo.HansoYeonApplicationTests]: class path resource [com/example/demo/HansoYeonApplicationTests-context.xml] does not exist
10:11:47.380 [Test worker] DEBUG org.springframework.test.context.support.AbstractContextLoader - Did not detect default resource location for test class [com.example.demo.HansoYeonApplicationTests]: class path resource [com/example/demo/HansoYeonApplicationTestsContext.groovy] does not exist
10:11:47.380 [Test worker] INFO org.springframework.test.context.support.AbstractContextLoader - Could not detect default resource locations for test class [com.example.demo.HansoYeonApplicationTests]: no resource found for suffixes {-context.xml, Context.groovy}.
10:11:47.381 [Test worker] INFO org.springframework.test.context.support.AnnotationConfigContextLoaderUtils - Could not detect default configuration classes for test class [com.example.demo.HansoYeonApplicationTests]: HansoYeonApplicationTests does not declare any static, non-private, non-final, nested classes annotated with @Configuration.
10:11:47.399 [Test worker] DEBUG org.springframework.test.context.support.ActiveProfilesUtils - Could not find an 'annotation declaring class' for annotation type [org.springframework.test.context.ActiveProfiles] and class [com.example.demo.HansoYeonApplicationTests]
10:11:47.422 [Test worker] DEBUG org.springframework.context.annotation.ClassPathScanningCandidateComponentProvider - Identified candidate component class: file [/Users/seungjunyoon/Desktop/HanSoYeon/build/classes/java/main/com/example/demo/HansoYeonApplication.class]
10:11:47.422 [Test worker] INFO org.springframework.boot.test.context.SpringBootTestContextBootstrapper - Found @SpringBootConfiguration com.example.demo.HansoYeonApplication for test class com.example.demo.HansoYeonApplicationTests
10:11:47.465 [Test worker] DEBUG org.springframework.boot.test.context.SpringBootTestContextBootstrapper - @TestExecutionListeners is not present for class [com.example.demo.HansoYeonApplicationTests]: using defaults.
10:11:47.465 [Test worker] INFO org.springframework.boot.test.context.SpringBootTestContextBootstrapper - Loaded default TestExecutionListener class names from location [META-INF/spring.factories]: [org.springframework.boot.test.autoconfigure.restdocs.RestDocsTestExecutionListener, org.springframework.boot.test.autoconfigure.web.client.MockRestServiceServerResetTestExecutionListener, org.springframework.boot.test.autoconfigure.web.servlet.MockMvcPrintOnlyOnFailureTestExecutionListener, org.springframework.boot.test.autoconfigure.web.servlet.WebDriverTestExecutionListener, org.springframework.boot.test.autoconfigure.webservices.client.MockWebServiceServerTestExecutionListener, org.springframework.boot.test.mock.mockito.MockitoTestExecutionListener, org.springframework.boot.test.mock.mockito.ResetMocksTestExecutionListener, org.springframework.test.context.web.ServletTestExecutionListener, org.springframework.test.context.support.DirtiesContextBeforeModesTestExecutionListener, org.springframework.test.context.event.ApplicationEventsTestExecutionListener, org.springframework.test.context.support.DependencyInjectionTestExecutionListener, org.springframework.test.context.support.DirtiesContextTestExecutionListener, org.springframework.test.context.transaction.TransactionalTestExecutionListener, org.springframework.test.context.jdbc.SqlScriptsTestExecutionListener, org.springframework.test.context.event.EventPublishingTestExecutionListener]
10:11:47.473 [Test worker] INFO org.springframework.boot.test.context.SpringBootTestContextBootstrapper - Using TestExecutionListeners: [org.springframework.test.context.web.ServletTestExecutionListener@69c43e48, org.springframework.test.context.support.DirtiesContextBeforeModesTestExecutionListener@1804f60d, org.springframework.test.context.event.ApplicationEventsTestExecutionListener@3a80515c, org.springframework.boot.test.mock.mockito.MockitoTestExecutionListener@547e29a4, org.springframework.boot.test.autoconfigure.SpringBootDependencyInjectionTestExecutionListener@1c807b1d, org.springframework.test.context.support.DirtiesContextTestExecutionListener@238b521e, org.springframework.test.context.transaction.TransactionalTestExecutionListener@1b39fd82, org.springframework.test.context.jdbc.SqlScriptsTestExecutionListener@3e2fc448, org.springframework.test.context.event.EventPublishingTestExecutionListener@21680803, org.springframework.boot.test.autoconfigure.restdocs.RestDocsTestExecutionListener@588ab592, org.springframework.boot.test.autoconfigure.web.client.MockRestServiceServerResetTestExecutionListener@c8b96ec, org.springframework.boot.test.autoconfigure.web.servlet.MockMvcPrintOnlyOnFailureTestExecutionListener@4cc61eb1, org.springframework.boot.test.autoconfigure.web.servlet.WebDriverTestExecutionListener@2d8f2f3a, org.springframework.boot.test.autoconfigure.webservices.client.MockWebServiceServerTestExecutionListener@2024293c, org.springframework.boot.test.mock.mockito.ResetMocksTestExecutionListener@7048f722]
10:11:47.475 [Test worker] DEBUG org.springframework.test.context.support.AbstractDirtiesContextTestExecutionListener - Before test class: context [DefaultTestContext@51c929ae testClass = HansoYeonApplicationTests, testInstance = [null], testMethod = [null], testException = [null], mergedContextConfiguration = [WebMergedContextConfiguration@3c8bdd5b testClass = HansoYeonApplicationTests, locations = '{}', classes = '{class com.example.demo.HansoYeonApplication}', contextInitializerClasses = '[]', activeProfiles = '{}', propertySourceLocations = '{}', propertySourceProperties = '{org.springframework.boot.test.context.SpringBootTestContextBootstrapper=true}', contextCustomizers = set[org.springframework.boot.test.autoconfigure.actuate.metrics.MetricsExportContextCustomizerFactory$DisableMetricExportContextCustomizer@5dd91bca, org.springframework.boot.test.autoconfigure.properties.PropertyMappingContextCustomizer@0, org.springframework.boot.test.autoconfigure.web.servlet.WebDriverContextCustomizerFactory$Customizer@7c209437, org.springframework.boot.test.context.filter.ExcludeFilterContextCustomizer@4febb875, org.springframework.boot.test.json.DuplicateJsonObjectContextCustomizerFactory$DuplicateJsonObjectContextCustomizer@328cf0e1, org.springframework.boot.test.mock.mockito.MockitoContextCustomizer@0, org.springframework.boot.test.web.client.TestRestTemplateContextCustomizer@58359ebd, org.springframework.boot.test.context.SpringBootTestArgs@1, org.springframework.boot.test.context.SpringBootTestWebEnvironment@1ec9bd38], resourceBasePath = 'src/main/webapp', contextLoader = 'org.springframework.boot.test.context.SpringBootContextLoader', parent = [null]], attributes = map['org.springframework.test.context.web.ServletTestExecutionListener.activateListener' -> true]], class annotated with @DirtiesContext [false] with mode [null].

  .   ____          _            __ _ _
 /\\ / ___'_ __ _ _(_)_ __  __ _ \ \ \ \
( ( )\___ | '_ | '_| | '_ \/ _` | \ \ \ \
 \\/  ___)| |_)| | | | | || (_| |  ) ) ) )
  '  |____| .__|_| |_|_| |_\__, | / / / /
 =========|_|==============|___/=/_/_/_/
 :: Spring Boot ::               (v2.7.17)

2023-11-20 10:11:47.652  INFO 55091 --- [    Test worker] c.e.demo.HansoYeonApplicationTests       : Starting HansoYeonApplicationTests using Java 11.0.20 on SeungJunui-MacBookPro.local with PID 55091 (started by seungjunyoon in /Users/seungjunyoon/Desktop/HanSoYeon)
2023-11-20 10:11:47.652  INFO 55091 --- [    Test worker] c.e.demo.HansoYeonApplicationTests       : No active profile set, falling back to 1 default profile: "default"
2023-11-20 10:11:47.929  INFO 55091 --- [    Test worker] .s.d.r.c.RepositoryConfigurationDelegate : Bootstrapping Spring Data JPA repositories in DEFAULT mode.
2023-11-20 10:11:47.953  INFO 55091 --- [    Test worker] .s.d.r.c.RepositoryConfigurationDelegate : Finished Spring Data repository scanning in 20 ms. Found 2 JPA repository interfaces.
2023-11-20 10:11:48.215  INFO 55091 --- [    Test worker] com.zaxxer.hikari.HikariDataSource       : HikariPool-1 - Starting...
2023-11-20 10:11:48.400  INFO 55091 --- [    Test worker] com.zaxxer.hikari.HikariDataSource       : HikariPool-1 - Start completed.
2023-11-20 10:11:48.435  INFO 55091 --- [    Test worker] o.hibernate.jpa.internal.util.LogHelper  : HHH000204: Processing PersistenceUnitInfo [name: default]
2023-11-20 10:11:48.457  INFO 55091 --- [    Test worker] org.hibernate.Version                    : HHH000412: Hibernate ORM core version 5.6.15.Final
2023-11-20 10:11:48.544  INFO 55091 --- [    Test worker] o.hibernate.annotations.common.Version   : HCANN000001: Hibernate Commons Annotations {5.1.2.Final}
2023-11-20 10:11:48.601  INFO 55091 --- [    Test worker] org.hibernate.dialect.Dialect            : HHH000400: Using dialect: org.hibernate.dialect.MySQL8Dialect
2023-11-20 10:11:48.852  INFO 55091 --- [    Test worker] o.h.e.t.j.p.i.JtaPlatformInitiator       : HHH000490: Using JtaPlatform implementation: [org.hibernate.engine.transaction.jta.platform.internal.NoJtaPlatform]
2023-11-20 10:11:48.857  INFO 55091 --- [    Test worker] j.LocalContainerEntityManagerFactoryBean : Initialized JPA EntityManagerFactory for persistence unit 'default'
2023-11-20 10:11:49.128  WARN 55091 --- [    Test worker] JpaBaseConfiguration$JpaWebConfiguration : spring.jpa.open-in-view is enabled by default. Therefore, database queries may be performed during view rendering. Explicitly configure spring.jpa.open-in-view to disable this warning
2023-11-20 10:11:49.402  WARN 55091 --- [    Test worker] .s.s.UserDetailsServiceAutoConfiguration : 

Using generated security password: 0fa87e39-a5d6-4dd0-83c1-7b6b4f7dc1e5

This generated password is for development use only. Your security configuration must be updated before running your application in production.

2023-11-20 10:11:49.482  INFO 55091 --- [    Test worker] o.s.s.web.DefaultSecurityFilterChain     : Will secure any request with [org.springframework.security.web.session.DisableEncodeUrlFilter@3c577368, org.springframework.security.web.context.request.async.WebAsyncManagerIntegrationFilter@57c7ec30, org.springframework.security.web.context.SecurityContextPersistenceFilter@f9979cf, org.springframework.security.web.header.HeaderWriterFilter@4c57ca10, org.springframework.security.web.csrf.CsrfFilter@30d944d8, org.springframework.security.web.authentication.logout.LogoutFilter@50eae15a, org.springframework.security.web.authentication.UsernamePasswordAuthenticationFilter@6d70e68b, org.springframework.security.web.authentication.ui.DefaultLoginPageGeneratingFilter@198a0416, org.springframework.security.web.authentication.ui.DefaultLogoutPageGeneratingFilter@729de0e1, org.springframework.security.web.authentication.www.BasicAuthenticationFilter@58267ba1, org.springframework.security.web.savedrequest.RequestCacheAwareFilter@496004e3, org.springframework.security.web.servletapi.SecurityContextHolderAwareRequestFilter@df34b01, org.springframework.security.web.authentication.AnonymousAuthenticationFilter@2c8c42c, org.springframework.security.web.session.SessionManagementFilter@787b7796, org.springframework.security.web.access.ExceptionTranslationFilter@1fc4b8d6, org.springframework.security.web.access.intercept.FilterSecurityInterceptor@3e574f9c]
2023-11-20 10:11:49.515  INFO 55091 --- [    Test worker] c.e.demo.HansoYeonApplicationTests       : Started HansoYeonApplicationTests in 2.024 seconds (JVM running for 2.551)
]]></system-out>
  <system-err><![CDATA[]]></system-err>
</testsuite>
